client/plugins/rest-timer/android/build/intermediates/manifest_merge_blame_file/debug/processDebugManifest/manifest-merger-blame-debug-report.txt
1<?xml version="1.0" encoding="utf-8"?>
2<manifest xmlns:android="http://schemas.android.com/apk/res/android"
3    package="com.onemore.resttimer" >
4
5    <uses-sdk android:minSdkVersion="24" />
6
7    <uses-permission android:name="android.permission.POST_NOTIFICATIONS" />
7-->src/main/AndroidManifest.xml:3:5-77
7-->src/main/AndroidManifest.xml:3:22-74
8    <uses-permission android:name="android.permission.RECEIVE_BOOT_COMPLETED" />
8-->src/main/AndroidManifest.xml:4:5-81
8-->src/main/AndroidManifest.xml:4:22-78
9
10    <application>
10-->src/main/AndroidManifest.xml:5:5-16:19
11        <receiver
11-->src/main/AndroidManifest.xml:6:9-8:40
12            android:name="com.onemore.resttimer.RestTimerAlarmReceiver"
12-->src/main/AndroidManifest.xml:7:13-72
13            android:exported="false" />
13-->src/main/AndroidManifest.xml:8:13-37
14        <receiver
14-->src/main/AndroidManifest.xml:9:9-15:20
15            android:name="com.onemore.resttimer.RestTimerBootReceiver"
15-->src/main/AndroidManifest.xml:10:13-71
16            android:exported="false" >
16-->src/main/AndroidManifest.xml:11:13-37
17            <intent-filter>
17-->src/main/AndroidManifest.xml:12:13-14:29
18                <action android:name="android.intent.action.BOOT_COMPLETED" />
18-->src/main/AndroidManifest.xml:13:17-79
18-->src/main/AndroidManifest.xml:13:25-76
19            </intent-filter>
20        </receiver>
21    </application>
22
23</manifest>